# JRE version: Java(TM) SE Runtime Environment (8.0_40-b26) (build 1.8.0_40-b26)
# Java VM: Java HotSpot(TM) 64-Bit Server VM (25.40-b25 mixed mode windows-amd64 compressed oops)
Heap:
 PSYoungGen      total 62976K, used 49439K [0x00000000ec400000, 0x00000000f2780000, 0x0000000100000000)
  eden space 53248K, 74% used [0x00000000ec400000,0x00000000eeacf140,0x00000000ef800000)
  from space 9728K, 99% used [0x00000000ef800000,0x00000000f0178ce0,0x00000000f0180000)
  to   space 13312K, 0% used [0x00000000f1a80000,0x00000000f1a80000,0x00000000f2780000)
 ParOldGen       total 35840K, used 17766K [0x00000000c4c00000, 0x00000000c6f00000, 0x00000000ec400000)
  object space 35840K, 49% used [0x00000000c4c00000,0x00000000c5d59a88,0x00000000c6f00000)
 Metaspace       used 27289K, capacity 28436K, committed 28672K, reserved 1075200K
  class space    used 3591K, capacity 3837K, committed 3840K, reserved 1048576K
GC Heap History (10 events):
Event: 19.622 GC heap before
{Heap before GC invocations=6 (full 0):
 PSYoungGen      total 17920K, used 2970K [0x00000000ec400000, 0x00000000ef200000, 0x0000000100000000)
  eden space 15360K, 2% used [0x00000000ec400000,0x00000000ec46eb70,0x00000000ed300000)
  from space 2560K, 98% used [0x00000000ed300000,0x00000000ed578040,0x00000000ed580000)
  to   space 8192K, 0% used [0x00000000eea00000,0x00000000eea00000,0x00000000ef200000)
 ParOldGen       total 40960K, used 10459K [0x00000000c4c00000, 0x00000000c7400000, 0x00000000ec400000)
  object space 40960K, 25% used [0x00000000c4c00000,0x00000000c5636f50,0x00000000c7400000)
 Metaspace       used 20105K, capacity 21162K, committed 21248K, reserved 1067008K
  class space    used 2782K, capacity 2994K, committed 3072K, reserved 1048576K
Event: 19.638 GC heap after
Heap after GC invocations=6 (full 0):
 PSYoungGen      total 38912K, used 2608K [0x00000000ec400000, 0x00000000ef200000, 0x0000000100000000)
  eden space 30720K, 0% used [0x00000000ec400000,0x00000000ec400000,0x00000000ee200000)
  from space 8192K, 31% used [0x00000000eea00000,0x00000000eec8c2e0,0x00000000ef200000)
  to   space 8192K, 0% used [0x00000000ee200000,0x00000000ee200000,0x00000000eea00000)
 ParOldGen       total 40960K, used 10459K [0x00000000c4c00000, 0x00000000c7400000, 0x00000000ec400000)
  object space 40960K, 25% used [0x00000000c4c00000,0x00000000c5636f50,0x00000000c7400000)
 Metaspace       used 20105K, capacity 21162K, committed 21248K, reserved 1067008K
  class space    used 2782K, capacity 2994K, committed 3072K, reserved 1048576K
}
Event: 19.638 GC heap before
{Heap before GC invocations=7 (full 1):
 PSYoungGen      total 38912K, used 2608K [0x00000000ec400000, 0x00000000ef200000, 0x0000000100000000)
  eden space 30720K, 0% used [0x00000000ec400000,0x00000000ec400000,0x00000000ee200000)
  from space 8192K, 31% used [0x00000000eea00000,0x00000000eec8c2e0,0x00000000ef200000)
  to   space 8192K, 0% used [0x00000000ee200000,0x00000000ee200000,0x00000000eea00000)
 ParOldGen       total 40960K, used 10459K [0x00000000c4c00000, 0x00000000c7400000, 0x00000000ec400000)
  object space 40960K, 25% used [0x00000000c4c00000,0x00000000c5636f50,0x00000000c7400000)
 Metaspace       used 20105K, capacity 21162K, committed 21248K, reserved 1067008K
  class space    used 2782K, capacity 2994K, committed 3072K, reserved 1048576K
Event: 19.803 GC heap after
Heap after GC invocations=7 (full 1):
 PSYoungGen      total 38912K, used 0K [0x00000000ec400000, 0x00000000ef200000, 0x0000000100000000)
  eden space 30720K, 0% used [0x00000000ec400000,0x00000000ec400000,0x00000000ee200000)
  from space 8192K, 0% used [0x00000000eea00000,0x00000000eea00000,0x00000000ef200000)
  to   space 8192K, 0% used [0x00000000ee200000,0x00000000ee200000,0x00000000eea00000)
 ParOldGen       total 35840K, used 12129K [0x00000000c4c00000, 0x00000000c6f00000, 0x00000000ec400000)
  object space 35840K, 33% used [0x00000000c4c00000,0x00000000c57d8548,0x00000000c6f00000)
 Metaspace       used 20105K, capacity 21162K, committed 21248K, reserved 1067008K
  class space    used 2782K, capacity 2994K, committed 3072K, reserved 1048576K
}
Event: 28.363 GC heap before
{Heap before GC invocations=8 (full 1):
 PSYoungGen      total 38912K, used 30720K [0x00000000ec400000, 0x00000000ef200000, 0x0000000100000000)
  eden space 30720K, 100% used [0x00000000ec400000,0x00000000ee200000,0x00000000ee200000)
  from space 8192K, 0% used [0x00000000eea00000,0x00000000eea00000,0x00000000ef200000)
  to   space 8192K, 0% used [0x00000000ee200000,0x00000000ee200000,0x00000000eea00000)
 ParOldGen       total 35840K, used 12129K [0x00000000c4c00000, 0x00000000c6f00000, 0x00000000ec400000)
  object space 35840K, 33% used [0x00000000c4c00000,0x00000000c57d8548,0x00000000c6f00000)
 Metaspace       used 25673K, capacity 26744K, committed 27136K, reserved 1073152K
  class space    used 3469K, capacity 3721K, committed 3840K, reserved 1048576K
Event: 28.379 GC heap after
Heap after GC invocations=8 (full 1):
 PSYoungGen      total 38912K, used 6478K [0x00000000ec400000, 0x00000000f0a80000, 0x0000000100000000)
  eden space 30720K, 0% used [0x00000000ec400000,0x00000000ec400000,0x00000000ee200000)
  from space 8192K, 79% used [0x00000000ee200000,0x00000000ee853870,0x00000000eea00000)
  to   space 8704K, 0% used [0x00000000f0200000,0x00000000f0200000,0x00000000f0a80000)
 ParOldGen       total 35840K, used 12137K [0x00000000c4c00000, 0x00000000c6f00000, 0x00000000ec400000)
  object space 35840K, 33% used [0x00000000c4c00000,0x00000000c57da548,0x00000000c6f00000)
 Metaspace       used 25673K, capacity 26744K, committed 27136K, reserved 1073152K
  class space    used 3469K, capacity 3721K, committed 3840K, reserved 1048576K
}
Event: 62.271 GC heap before
{Heap before GC invocations=9 (full 1):
 PSYoungGen      total 38912K, used 37198K [0x00000000ec400000, 0x00000000f0a80000, 0x0000000100000000)
  eden space 30720K, 100% used [0x00000000ec400000,0x00000000ee200000,0x00000000ee200000)
  from space 8192K, 79% used [0x00000000ee200000,0x00000000ee853870,0x00000000eea00000)
  to   space 8704K, 0% used [0x00000000f0200000,0x00000000f0200000,0x00000000f0a80000)
 ParOldGen       total 35840K, used 12137K [0x00000000c4c00000, 0x00000000c6f00000, 0x00000000ec400000)
  object space 35840K, 33% used [0x00000000c4c00000,0x00000000c57da548,0x00000000c6f00000)
 Metaspace       used 27010K, capacity 28114K, committed 28160K, reserved 1073152K
  class space    used 3584K, capacity 3826K, committed 3840K, reserved 1048576K
Event: 62.295 GC heap after
Heap after GC invocations=9 (full 1):
 PSYoungGen      total 61952K, used 7869K [0x00000000ec400000, 0x00000000f0b00000, 0x0000000100000000)
  eden space 53248K, 0% used [0x00000000ec400000,0x00000000ec400000,0x00000000ef800000)
  from space 8704K, 90% used [0x00000000f0200000,0x00000000f09af470,0x00000000f0a80000)
  to   space 9728K, 0% used [0x00000000ef800000,0x00000000ef800000,0x00000000f0180000)
 ParOldGen       total 35840K, used 12145K [0x00000000c4c00000, 0x00000000c6f00000, 0x00000000ec400000)
  object space 35840K, 33% used [0x00000000c4c00000,0x00000000c57dc548,0x00000000c6f00000)
 Metaspace       used 27010K, capacity 28114K, committed 28160K, reserved 1073152K
  class space    used 3584K, capacity 3826K, committed 3840K, reserved 1048576K
}
Event: 155.281 GC heap before
{Heap before GC invocations=10 (full 1):
 PSYoungGen      total 61952K, used 61117K [0x00000000ec400000, 0x00000000f0b00000, 0x0000000100000000)
  eden space 53248K, 100% used [0x00000000ec400000,0x00000000ef800000,0x00000000ef800000)
  from space 8704K, 90% used [0x00000000f0200000,0x00000000f09af470,0x00000000f0a80000)
  to   space 9728K, 0% used [0x00000000ef800000,0x00000000ef800000,0x00000000f0180000)
 ParOldGen       total 35840K, used 12145K [0x00000000c4c00000, 0x00000000c6f00000, 0x00000000ec400000)
  object space 35840K, 33% used [0x00000000c4c00000,0x00000000c57dc548,0x00000000c6f00000)
 Metaspace       used 27216K, capacity 28360K, committed 28416K, reserved 1073152K
  class space    used 3590K, capacity 3835K, committed 3840K, reserved 1048576K
Event: 155.308 GC heap after
Heap after GC invocations=10 (full 1):
 PSYoungGen      total 62976K, used 9699K [0x00000000ec400000, 0x00000000f2780000, 0x0000000100000000)
  eden space 53248K, 0% used [0x00000000ec400000,0x00000000ec400000,0x00000000ef800000)
  from space 9728K, 99% used [0x00000000ef800000,0x00000000f0178ce0,0x00000000f0180000)
  to   space 13312K, 0% used [0x00000000f1a80000,0x00000000f1a80000,0x00000000f2780000)
 ParOldGen       total 35840K, used 17766K [0x00000000c4c00000, 0x00000000c6f00000, 0x00000000ec400000)
  object space 35840K, 49% used [0x00000000c4c00000,0x00000000c5d59a88,0x00000000c6f00000)
 Metaspace       used 27216K, capacity 28360K, committed 28416K, reserved 1073152K
  class space    used 3590K, capacity 3835K, committed 3840K, reserved 1048576K
}

