# JRE version: Java(TM) SE Runtime Environment (8.0_40-b26) (build 1.8.0_40-b26)
# Java VM: Java HotSpot(TM) 64-Bit Server VM (25.40-b25 mixed mode windows-amd64 compressed oops)
Heap:
 PSYoungGen      total 20480K, used 13126K [0x00000000ec400000, 0x00000000eed00000, 0x0000000100000000)
  eden space 13312K, 50% used [0x00000000ec400000,0x00000000eca8dac8,0x00000000ed100000)
  from space 7168K, 89% used [0x00000000ed100000,0x00000000ed744010,0x00000000ed800000)
  to   space 7680K, 0% used [0x00000000ee580000,0x00000000ee580000,0x00000000eed00000)
 ParOldGen       total 40960K, used 8693K [0x00000000c4c00000, 0x00000000c7400000, 0x00000000ec400000)
  object space 40960K, 21% used [0x00000000c4c00000,0x00000000c547d7e0,0x00000000c7400000)
 Metaspace       used 20158K, capacity 21250K, committed 21296K, reserved 1067008K
  class space    used 2706K, capacity 2932K, committed 2944K, reserved 1048576K
GC Heap History (10 events):
Event: 8.934 GC heap before
{Heap before GC invocations=3 (full 0):
 PSYoungGen      total 17920K, used 17916K [0x00000000ec400000, 0x00000000ed800000, 0x0000000100000000)
  eden space 15360K, 100% used [0x00000000ec400000,0x00000000ed300000,0x00000000ed300000)
  from space 2560K, 99% used [0x00000000ed580000,0x00000000ed7ff1f8,0x00000000ed800000)
  to   space 2560K, 0% used [0x00000000ed300000,0x00000000ed300000,0x00000000ed580000)
 ParOldGen       total 40960K, used 1632K [0x00000000c4c00000, 0x00000000c7400000, 0x00000000ec400000)
  object space 40960K, 3% used [0x00000000c4c00000,0x00000000c4d980a8,0x00000000c7400000)
 Metaspace       used 14518K, capacity 14994K, committed 15232K, reserved 1062912K
  class space    used 1780K, capacity 1912K, committed 1920K, reserved 1048576K
Event: 8.950 GC heap after
Heap after GC invocations=3 (full 0):
 PSYoungGen      total 17920K, used 2544K [0x00000000ec400000, 0x00000000ed800000, 0x0000000100000000)
  eden space 15360K, 0% used [0x00000000ec400000,0x00000000ec400000,0x00000000ed300000)
  from space 2560K, 99% used [0x00000000ed300000,0x00000000ed57c070,0x00000000ed580000)
  to   space 2560K, 0% used [0x00000000ed580000,0x00000000ed580000,0x00000000ed800000)
 ParOldGen       total 40960K, used 2972K [0x00000000c4c00000, 0x00000000c7400000, 0x00000000ec400000)
  object space 40960K, 7% used [0x00000000c4c00000,0x00000000c4ee72a0,0x00000000c7400000)
 Metaspace       used 14518K, capacity 14994K, committed 15232K, reserved 1062912K
  class space    used 1780K, capacity 1912K, committed 1920K, reserved 1048576K
}
Event: 10.060 GC heap before
{Heap before GC invocations=4 (full 0):
 PSYoungGen      total 17920K, used 17904K [0x00000000ec400000, 0x00000000ed800000, 0x0000000100000000)
  eden space 15360K, 100% used [0x00000000ec400000,0x00000000ed300000,0x00000000ed300000)
  from space 2560K, 99% used [0x00000000ed300000,0x00000000ed57c070,0x00000000ed580000)
  to   space 2560K, 0% used [0x00000000ed580000,0x00000000ed580000,0x00000000ed800000)
 ParOldGen       total 40960K, used 2972K [0x00000000c4c00000, 0x00000000c7400000, 0x00000000ec400000)
  object space 40960K, 7% used [0x00000000c4c00000,0x00000000c4ee72a0,0x00000000c7400000)
 Metaspace       used 14880K, capacity 15364K, committed 15616K, reserved 1062912K
  class space    used 1817K, capacity 1931K, committed 2048K, reserved 1048576K
Event: 10.069 GC heap after
Heap after GC invocations=4 (full 0):
 PSYoungGen      total 17920K, used 2544K [0x00000000ec400000, 0x00000000ed800000, 0x0000000100000000)
  eden space 15360K, 0% used [0x00000000ec400000,0x00000000ec400000,0x00000000ed300000)
  from space 2560K, 99% used [0x00000000ed580000,0x00000000ed7fc070,0x00000000ed800000)
  to   space 2560K, 0% used [0x00000000ed300000,0x00000000ed300000,0x00000000ed580000)
 ParOldGen       total 40960K, used 3332K [0x00000000c4c00000, 0x00000000c7400000, 0x00000000ec400000)
  object space 40960K, 8% used [0x00000000c4c00000,0x00000000c4f412c0,0x00000000c7400000)
 Metaspace       used 14880K, capacity 15364K, committed 15616K, reserved 1062912K
  class space    used 1817K, capacity 1931K, committed 2048K, reserved 1048576K
}
Event: 12.631 GC heap before
{Heap before GC invocations=5 (full 0):
 PSYoungGen      total 17920K, used 17904K [0x00000000ec400000, 0x00000000ed800000, 0x0000000100000000)
  eden space 15360K, 100% used [0x00000000ec400000,0x00000000ed300000,0x00000000ed300000)
  from space 2560K, 99% used [0x00000000ed580000,0x00000000ed7fc070,0x00000000ed800000)
  to   space 2560K, 0% used [0x00000000ed300000,0x00000000ed300000,0x00000000ed580000)
 ParOldGen       total 40960K, used 3332K [0x00000000c4c00000, 0x00000000c7400000, 0x00000000ec400000)
  object space 40960K, 8% used [0x00000000c4c00000,0x00000000c4f412c0,0x00000000c7400000)
 Metaspace       used 18771K, capacity 19722K, committed 19968K, reserved 1067008K
  class space    used 2569K, capacity 2798K, committed 2816K, reserved 1048576K
Event: 12.648 GC heap after
Heap after GC invocations=5 (full 0):
 PSYoungGen      total 17920K, used 2528K [0x00000000ec400000, 0x00000000edd00000, 0x0000000100000000)
  eden space 15360K, 0% used [0x00000000ec400000,0x00000000ec400000,0x00000000ed300000)
  from space 2560K, 98% used [0x00000000ed300000,0x00000000ed578040,0x00000000ed580000)
  to   space 5120K, 0% used [0x00000000ed800000,0x00000000ed800000,0x00000000edd00000)
 ParOldGen       total 40960K, used 4896K [0x00000000c4c00000, 0x00000000c7400000, 0x00000000ec400000)
  object space 40960K, 11% used [0x00000000c4c00000,0x00000000c50c8310,0x00000000c7400000)
 Metaspace       used 18771K, capacity 19722K, committed 19968K, reserved 1067008K
  class space    used 2569K, capacity 2798K, committed 2816K, reserved 1048576K
}
Event: 14.119 GC heap before
{Heap before GC invocations=6 (full 0):
 PSYoungGen      total 17920K, used 17888K [0x00000000ec400000, 0x00000000edd00000, 0x0000000100000000)
  eden space 15360K, 100% used [0x00000000ec400000,0x00000000ed300000,0x00000000ed300000)
  from space 2560K, 98% used [0x00000000ed300000,0x00000000ed578040,0x00000000ed580000)
  to   space 5120K, 0% used [0x00000000ed800000,0x00000000ed800000,0x00000000edd00000)
 ParOldGen       total 40960K, used 4896K [0x00000000c4c00000, 0x00000000c7400000, 0x00000000ec400000)
  object space 40960K, 11% used [0x00000000c4c00000,0x00000000c50c8310,0x00000000c7400000)
 Metaspace       used 19663K, capacity 20710K, committed 20864K, reserved 1067008K
  class space    used 2666K, capacity 2878K, committed 2944K, reserved 1048576K
Event: 14.145 GC heap after
Heap after GC invocations=6 (full 0):
 PSYoungGen      total 18432K, used 5088K [0x00000000ec400000, 0x00000000ee100000, 0x0000000100000000)
  eden space 13312K, 0% used [0x00000000ec400000,0x00000000ec400000,0x00000000ed100000)
  from space 5120K, 99% used [0x00000000ed800000,0x00000000edcf8020,0x00000000edd00000)
  to   space 7168K, 0% used [0x00000000ed100000,0x00000000ed100000,0x00000000ed800000)
 ParOldGen       total 40960K, used 6873K [0x00000000c4c00000, 0x00000000c7400000, 0x00000000ec400000)
  object space 40960K, 16% used [0x00000000c4c00000,0x00000000c52b6650,0x00000000c7400000)
 Metaspace       used 19663K, capacity 20710K, committed 20864K, reserved 1067008K
  class space    used 2666K, capacity 2878K, committed 2944K, reserved 1048576K
}
Event: 14.918 GC heap before
{Heap before GC invocations=7 (full 0):
 PSYoungGen      total 18432K, used 18390K [0x00000000ec400000, 0x00000000ee100000, 0x0000000100000000)
  eden space 13312K, 99% used [0x00000000ec400000,0x00000000ed0fdb08,0x00000000ed100000)
  from space 5120K, 99% used [0x00000000ed800000,0x00000000edcf8020,0x00000000edd00000)
  to   space 7168K, 0% used [0x00000000ed100000,0x00000000ed100000,0x00000000ed800000)
 ParOldGen       total 40960K, used 6873K [0x00000000c4c00000, 0x00000000c7400000, 0x00000000ec400000)
  object space 40960K, 16% used [0x00000000c4c00000,0x00000000c52b6650,0x00000000c7400000)
 Metaspace       used 19888K, capacity 20934K, committed 21120K, reserved 1067008K
  class space    used 2673K, capacity 2882K, committed 2944K, reserved 1048576K
Event: 14.973 GC heap after
Heap after GC invocations=7 (full 0):
 PSYoungGen      total 20480K, used 6416K [0x00000000ec400000, 0x00000000eed00000, 0x0000000100000000)
  eden space 13312K, 0% used [0x00000000ec400000,0x00000000ec400000,0x00000000ed100000)
  from space 7168K, 89% used [0x00000000ed100000,0x00000000ed744010,0x00000000ed800000)
  to   space 7680K, 0% used [0x00000000ee580000,0x00000000ee580000,0x00000000eed00000)
 ParOldGen       total 40960K, used 8693K [0x00000000c4c00000, 0x00000000c7400000, 0x00000000ec400000)
  object space 40960K, 21% used [0x00000000c4c00000,0x00000000c547d7e0,0x00000000c7400000)
 Metaspace       used 19888K, capacity 20934K, committed 21120K, reserved 1067008K
  class space    used 2673K, capacity 2882K, committed 2944K, reserved 1048576K
}

